 EXPLAIN ANALYZE 
 SELECT *
 FROM orders
 WHERE customer_id = 1
 

Seq Scan on orders  (cost=0.00..1.40 rows=1 width=12) (actual time=0.016..0.018 rows=2 loops=1)
Filter: (customer_id = 1)
Rows Removed by Filter: 30
Planning Time: 0.952 ms
Execution Time: 0.037 ms

#индекс не используется, написано что Seq Scan, значит индекс не эффективен 